F:\BOX\LLK\DEBUG\LLK.EXE
F:\BOX\LLK\DEBUG\LLK.ILK
F:\BOX\LLK\DEBUG\LLK.PDB
F:\BOX\LLK\LLK\Debug\cl.command.1.tlog
F:\BOX\LLK\LLK\Debug\CL.read.1.tlog
F:\BOX\LLK\LLK\Debug\CL.write.1.tlog
F:\BOX\LLK\LLK\DEBUG\GAMECONTROL.OBJ
F:\BOX\LLK\LLK\DEBUG\GAMEDLG.OBJ
F:\BOX\LLK\LLK\DEBUG\GAMELOGIC.OBJ
F:\BOX\LLK\LLK\Debug\link.command.1.tlog
F:\BOX\LLK\LLK\Debug\link.read.1.tlog
F:\BOX\LLK\LLK\Debug\link.write.1.tlog
F:\BOX\LLK\LLK\Debug\link-cvtres.read.1.tlog
F:\BOX\LLK\LLK\Debug\link-cvtres.write.1.tlog
F:\BOX\LLK\LLK\DEBUG\LLK.EXE.EMBED.MANIFEST
F:\BOX\LLK\LLK\DEBUG\LLK.EXE.EMBED.MANIFEST.RES
F:\BOX\LLK\LLK\DEBUG\LLK.EXE.INTERMEDIATE.MANIFEST
F:\BOX\LLK\LLK\DEBUG\LLK.OBJ
F:\BOX\LLK\LLK\DEBUG\LLK.PCH
F:\BOX\LLK\LLK\DEBUG\LLK.RES
F:\BOX\LLK\LLK\Debug\LLK.write.1.tlog
F:\BOX\LLK\LLK\Debug\LLK_manifest.rc
F:\BOX\LLK\LLK\DEBUG\LLKDLG.OBJ
F:\BOX\LLK\LLK\Debug\mt.command.1.tlog
F:\BOX\LLK\LLK\Debug\mt.read.1.tlog
F:\BOX\LLK\LLK\Debug\mt.write.1.tlog
F:\BOX\LLK\LLK\Debug\rc.command.1.tlog
F:\BOX\LLK\LLK\Debug\rc.read.1.tlog
F:\BOX\LLK\LLK\Debug\rc.write.1.tlog
F:\BOX\LLK\LLK\DEBUG\STDAFX.OBJ
F:\BOX\LLK\LLK\Debug\vc100.idb
F:\BOX\LLK\LLK\DEBUG\VC100.PDB
